<?xml version="1.0" encoding="UTF-8"?>
<!-- Generated by org.testng.reporters.JUnitReportReporter -->
<testsuite hostname="DESKTOP-UOSJI6I" failures="0" tests="1" name="com.SeleniumWebDriverWithJava8.SortingProducts" time="10.913" errors="0" timestamp="2022-04-27T10:26:01 IST" skipped="0">
  <testcase classname="com.SeleniumWebDriverWithJava8.SortingProducts" name="productWithPrice" time="10.913"/>
  <system-out/>
</testsuite> <!-- com.SeleniumWebDriverWithJava8.SortingProducts -->
