<?xml version="1.0" encoding="UTF-8"?>
<!-- Generated by org.testng.reporters.JUnitReportReporter -->
<testsuite hostname="DESKTOP-UOSJI6I" failures="0" tests="1" name="com.SeleniumWebDriverWithJava8.FooterLinksFreshwork" time="20.997" errors="0" timestamp="2022-03-06T14:30:48 IST" skipped="0">
  <testcase classname="com.SeleniumWebDriverWithJava8.FooterLinksFreshwork" name="footer" time="20.997"/>
  <system-out/>
</testsuite> <!-- com.SeleniumWebDriverWithJava8.FooterLinksFreshwork -->
