<?xml version="1.0" encoding="UTF-8"?>
<!-- Generated by org.testng.reporters.JUnitReportReporter -->
<testsuite hostname="DESKTOP-UOSJI6I" failures="0" tests="1" name="com.SeleniumWebDriverWithJava8.BrokenLinks" time="14.000" errors="0" timestamp="2022-03-07T11:06:00 IST" skipped="0">
  <testcase classname="com.SeleniumWebDriverWithJava8.BrokenLinks" name="links" time="14.000"/>
  <system-out/>
</testsuite> <!-- com.SeleniumWebDriverWithJava8.BrokenLinks -->
