<?xml version="1.0" encoding="UTF-8"?>
<!-- Generated by org.testng.reporters.JUnitReportReporter -->
<testsuite hostname="DESKTOP-UOSJI6I" failures="0" tests="1" name="com.SeleniumWebDriverWithJava8.CheckBoxStreams" time="10.770" errors="0" timestamp="2022-03-06T14:10:54 IST" skipped="0">
  <testcase classname="com.SeleniumWebDriverWithJava8.CheckBoxStreams" name="checkbox" time="10.770"/>
  <system-out/>
</testsuite> <!-- com.SeleniumWebDriverWithJava8.CheckBoxStreams -->
