<?xml version="1.0" encoding="UTF-8"?>
<!-- Generated by org.testng.reporters.JUnitReportReporter -->
<testsuite hostname="DESKTOP-UOSJI6I" failures="0" tests="1" name="com.SeleniumWebDriverWithJava8.SwitchingBetweenTabs" time="35.669" errors="0" timestamp="2022-04-27T10:27:21 IST" skipped="0">
  <testcase classname="com.SeleniumWebDriverWithJava8.SwitchingBetweenTabs" name="handlingWindows" time="35.669"/>
  <system-out/>
</testsuite> <!-- com.SeleniumWebDriverWithJava8.SwitchingBetweenTabs -->
