<?xml version="1.0" encoding="UTF-8"?>
<!-- Generated by org.testng.reporters.JUnitReportReporter -->
<testsuite hostname="DESKTOP-UOSJI6I" failures="0" tests="1" name="com.SeleniumWebDriverWithJava8.AmaonLinks" time="61.751" errors="0" timestamp="2022-04-27T10:19:19 IST" skipped="0">
  <testcase classname="com.SeleniumWebDriverWithJava8.AmaonLinks" name="streamApiApproachWithSeleniumWebdriver" time="61.751"/>
  <system-out/>
</testsuite> <!-- com.SeleniumWebDriverWithJava8.AmaonLinks -->
